c:\users\duy\source\repos\design-patterns-with-c-assignment-1\deadmansdraw a1\deadmansdraw a1\x64\debug\vc143.pdb
c:\users\duy\source\repos\design-patterns-with-c-assignment-1\deadmansdraw a1\deadmansdraw a1\x64\debug\vc143.idb
c:\users\duy\source\repos\design-patterns-with-c-assignment-1\deadmansdraw a1\deadmansdraw a1\x64\debug\swordcard.obj
c:\users\duy\source\repos\design-patterns-with-c-assignment-1\deadmansdraw a1\deadmansdraw a1\x64\debug\player.obj
c:\users\duy\source\repos\design-patterns-with-c-assignment-1\deadmansdraw a1\deadmansdraw a1\x64\debug\oraclecard.obj
c:\users\duy\source\repos\design-patterns-with-c-assignment-1\deadmansdraw a1\deadmansdraw a1\x64\debug\mermaidcard.obj
c:\users\duy\source\repos\design-patterns-with-c-assignment-1\deadmansdraw a1\deadmansdraw a1\x64\debug\mapcard.obj
c:\users\duy\source\repos\design-patterns-with-c-assignment-1\deadmansdraw a1\deadmansdraw a1\x64\debug\krakencard.obj
c:\users\duy\source\repos\design-patterns-with-c-assignment-1\deadmansdraw a1\deadmansdraw a1\x64\debug\keycard.obj
c:\users\duy\source\repos\design-patterns-with-c-assignment-1\deadmansdraw a1\deadmansdraw a1\x64\debug\hookcard.obj
c:\users\duy\source\repos\design-patterns-with-c-assignment-1\deadmansdraw a1\deadmansdraw a1\x64\debug\game.obj
c:\users\duy\source\repos\design-patterns-with-c-assignment-1\deadmansdraw a1\deadmansdraw a1\x64\debug\deadmansdraw a1.obj
c:\users\duy\source\repos\design-patterns-with-c-assignment-1\deadmansdraw a1\deadmansdraw a1\x64\debug\chestcard.obj
c:\users\duy\source\repos\design-patterns-with-c-assignment-1\deadmansdraw a1\deadmansdraw a1\x64\debug\card.obj
c:\users\duy\source\repos\design-patterns-with-c-assignment-1\deadmansdraw a1\deadmansdraw a1\x64\debug\cannoncard.obj
c:\users\duy\source\repos\design-patterns-with-c-assignment-1\deadmansdraw a1\x64\debug\deadmansdraw a1.exe
c:\users\duy\source\repos\design-patterns-with-c-assignment-1\deadmansdraw a1\x64\debug\deadmansdraw a1.pdb
c:\users\duy\source\repos\design-patterns-with-c-assignment-1\deadmansdraw a1\deadmansdraw a1\x64\debug\deadmansdraw a1.ilk
c:\users\duy\source\repos\design-patterns-with-c-assignment-1\deadmansdraw a1\deadmansdraw a1\x64\debug\player.obj.enc
c:\users\duy\source\repos\design-patterns-with-c-assignment-1\deadmansdraw a1\deadmansdraw a1\x64\debug\deadmansdraw a1.tlog\cl.command.1.tlog
c:\users\duy\source\repos\design-patterns-with-c-assignment-1\deadmansdraw a1\deadmansdraw a1\x64\debug\deadmansdraw a1.tlog\cl.items.tlog
c:\users\duy\source\repos\design-patterns-with-c-assignment-1\deadmansdraw a1\deadmansdraw a1\x64\debug\deadmansdraw a1.tlog\cl.read.1.tlog
c:\users\duy\source\repos\design-patterns-with-c-assignment-1\deadmansdraw a1\deadmansdraw a1\x64\debug\deadmansdraw a1.tlog\cl.write.1.tlog
c:\users\duy\source\repos\design-patterns-with-c-assignment-1\deadmansdraw a1\deadmansdraw a1\x64\debug\deadmansdraw a1.tlog\link.command.1.tlog
c:\users\duy\source\repos\design-patterns-with-c-assignment-1\deadmansdraw a1\deadmansdraw a1\x64\debug\deadmansdraw a1.tlog\link.read.1.tlog
c:\users\duy\source\repos\design-patterns-with-c-assignment-1\deadmansdraw a1\deadmansdraw a1\x64\debug\deadmansdraw a1.tlog\link.secondary.1.tlog
c:\users\duy\source\repos\design-patterns-with-c-assignment-1\deadmansdraw a1\deadmansdraw a1\x64\debug\deadmansdraw a1.tlog\link.write.1.tlog
